<?xml version="1.0" encoding="UTF-8"?>
<!-- Generated by org.testng.reporters.JUnitReportReporter -->
<testsuite skipped="0" hostname="Shubham3149123.local" name="com.automation.web.testcases.RandomTest" tests="1" failures="0" timestamp="19 Feb 2020 12:22:54 GMT" time="22.689" errors="0">
  <testcase name="validate_UserLogin" time="22.689" classname="com.automation.web.testcases.RandomTest"/>
</testsuite> <!-- com.automation.web.testcases.RandomTest -->
