<?xml version="1.0" encoding="UTF-8"?>
<!-- Generated by org.testng.reporters.JUnitReportReporter -->
<testsuite hostname="ShubhamGoyal01-2.local" name="com.automation.project.com.automation.project.AppTest" tests="1" failures="0" timestamp="13 Jan 2020 06:49:13 GMT" time="3.467" errors="0">
  <testcase name="test" time="3.467" classname="com.automation.project.com.automation.project.AppTest"/>
</testsuite> <!-- com.automation.project.com.automation.project.AppTest -->
