<?xml version="1.0" encoding="UTF-8"?>
<!-- Generated by org.testng.reporters.JUnitReportReporter -->
<testsuite skipped="0" hostname="Shubham3149123.local" name="com.automation.api.testcases.ValidateGetRequest" tests="1" failures="0" timestamp="18 Jul 2020 12:35:51 GMT" time="3.249" errors="0">
  <testcase name="validateGetRequest" time="3.249" classname="com.automation.api.testcases.ValidateGetRequest"/>
</testsuite> <!-- com.automation.api.testcases.ValidateGetRequest -->
