<?xml version="1.0" encoding="UTF-8"?>
<!-- Generated by org.testng.reporters.JUnitReportReporter -->
<testsuite hostname="ShubhamGoyal01-2.local" name="com.automation.web.testcases.Test" tests="1" failures="0" timestamp="26 Jan 2020 07:42:23 GMT" time="36.682" errors="0">
  <testcase name="twst" time="36.682" classname="com.automation.web.testcases.Test"/>
</testsuite> <!-- com.automation.web.testcases.Test -->
