<?xml version="1.0" encoding="UTF-8"?>
<!-- Generated by org.testng.reporters.JUnitReportReporter -->
<testsuite hostname="ShubhamGoyal01-2.local" name="com.automation.api.testcases.ApiValidateGetRequest" tests="1" failures="0" timestamp="26 Jan 2020 08:28:29 GMT" time="2.436" errors="0">
  <testcase name="validate_GetRequest" time="2.436" classname="com.automation.api.testcases.ApiValidateGetRequest"/>
</testsuite> <!-- com.automation.api.testcases.ApiValidateGetRequest -->
