<?xml version="1.0" encoding="UTF-8"?>
<!-- Generated by org.testng.reporters.JUnitReportReporter -->
<testsuite hostname="ShubhamGoyal01-2.local" name="in.amazon.Test" tests="1" failures="0" timestamp="22 Jan 2020 17:07:39 GMT" time="95.841" errors="0">
  <testcase name="search_Automate" time="95.841" classname="in.amazon.Test"/>
</testsuite> <!-- in.amazon.Test -->
