<?xml version="1.0" encoding="UTF-8"?>
<!-- Generated by org.testng.reporters.JUnitReportReporter -->
<testsuite hostname="ShubhamGoyal01-2.local" name="com.automation.api.testcases.ApiValidatePostRequest" tests="1" failures="0" timestamp="26 Jan 2020 08:37:20 GMT" time="3.477" errors="0">
  <testcase name="validate_CreateUser" time="3.477" classname="com.automation.api.testcases.ApiValidatePostRequest"/>
</testsuite> <!-- com.automation.api.testcases.ApiValidatePostRequest -->
