<?xml version="1.0" encoding="UTF-8"?>
<!-- Generated by org.testng.reporters.JUnitReportReporter -->
<testsuite hostname="ShubhamGoyal01-2.local" name="com.automation.project.com.automation.project.ApiValidatePostRequest" tests="1" failures="0" timestamp="16 Jan 2020 11:44:12 GMT" time="3.494" errors="0">
  <testcase name="validate_GetRequest" time="3.494" classname="com.automation.project.com.automation.project.ApiValidatePostRequest"/>
</testsuite> <!-- com.automation.project.com.automation.project.ApiValidatePostRequest -->
