<?xml version="1.0" encoding="UTF-8"?>
<!-- Generated by org.testng.reporters.JUnitReportReporter -->
<testsuite skipped="0" hostname="Shubham3149123.local" name="com.automation.web.testcases.ValidateAccountPage" tests="1" failures="0" timestamp="18 Jul 2020 12:34:29 GMT" time="25.027" errors="0">
  <testcase name="validate_AccountPage" time="25.027" classname="com.automation.web.testcases.ValidateAccountPage"/>
</testsuite> <!-- com.automation.web.testcases.ValidateAccountPage -->
