<?xml version="1.0" encoding="UTF-8"?>
<!-- Generated by org.testng.reporters.JUnitReportReporter -->
<testsuite skipped="0" hostname="Shubham3149123" name="com.automation.mixTestCases.WebAndApiTestCase" tests="2" failures="0" timestamp="15 Jul 2020 17:39:21 GMT" time="91.130" errors="0">
  <testcase name="validate_ApiTestCase" time="3.463" classname="com.automation.mixTestCases.WebAndApiTestCase"/>
  <testcase name="validate_AccountPage" time="87.667" classname="com.automation.mixTestCases.WebAndApiTestCase"/>
</testsuite> <!-- com.automation.mixTestCases.WebAndApiTestCase -->
